
> @simbolo/client@0.1.0 build
> next build

⚠ turbopack.root should be absolute, using: C:\Users\visha\simbolonew\apps
▲ Next.js 16.2.11 (Turbopack)

  Creating an optimized production build ...
✓ Compiled successfully in 11.9s
  Running TypeScript ...
  Finished TypeScript in 7.7s ...
  Collecting page data using 11 workers ...
  Generating static pages using 11 workers (0/18) ...
  Generating static pages using 11 workers (4/18) 
  Generating static pages using 11 workers (8/18) 
  Generating static pages using 11 workers (13/18) 
✓ Generating static pages using 11 workers (18/18) in 1323ms
  Finalizing page optimization ...

Route (app)
┌ ○ /
├ ○ /_not-found
├ ○ /dashboard
├ ○ /documents
├ ○ /meetings
├ ○ /messages
├ ○ /notifications
├ ○ /orders
├ ○ /payments
├ ○ /profile
├ ○ /projects
├ ƒ /projects/[id]
├ ○ /reports
├ ○ /settings
├ ○ /subscription
├ ○ /support
└ ○ /tasks


○  (Static)   prerendered as static content
ƒ  (Dynamic)  server-rendered on demand

